This file contains any messages produced by compilers while
running configure, to aid debugging if configure makes a mistake.

It was created by libfish configure 1.0, which was
generated by GNU Autoconf 2.65.  Invocation command line was

  $ ./configure 

## --------- ##
## Platform. ##
## --------- ##

hostname = lemonparty
uname -m = i686
uname -r = 2.6.18-238.9.1.el5.028stab089.1
uname -s = Linux
uname -v = #1 SMP Thu Apr 14 14:06:01 MSD 2011

/usr/bin/uname -p = unknown
/bin/uname -X     = unknown

/bin/arch              = unknown
/usr/bin/arch -k       = unknown
/usr/convex/getsysinfo = unknown
/usr/bin/hostinfo      = unknown
/bin/machine           = unknown
/usr/bin/oslevel       = unknown
/bin/universe          = unknown

PATH: /usr/local/sbin
PATH: /usr/local/bin
PATH: /usr/sbin
PATH: /usr/bin
PATH: /sbin
PATH: /bin
PATH: /usr/games


## ----------- ##
## Core tests. ##
## ----------- ##

configure:2220: checking for gcc
configure:2236: found /usr/bin/gcc
configure:2247: result: gcc
configure:2476: checking for C compiler version
configure:2485: gcc --version >&5
gcc (Ubuntu 4.4.3-4ubuntu5) 4.4.3
Copyright (C) 2009 Free Software Foundation, Inc.
This is free software; see the source for copying conditions.  There is NO
warranty; not even for MERCHANTABILITY or FITNESS FOR A PARTICULAR PURPOSE.

configure:2496: $? = 0
configure:2485: gcc -v >&5
Using built-in specs.
Target: i486-linux-gnu
Configured with: ../src/configure -v --with-pkgversion='Ubuntu 4.4.3-4ubuntu5' --with-bugurl=file:///usr/share/doc/gcc-4.4/README.Bugs --enable-languages=c,c++,fortran,objc,obj-c++ --prefix=/usr --enable-shared --enable-multiarch --enable-linker-build-id --with-system-zlib --libexecdir=/usr/lib --without-included-gettext --enable-threads=posix --with-gxx-include-dir=/usr/include/c++/4.4 --program-suffix=-4.4 --enable-nls --enable-clocale=gnu --enable-libstdcxx-debug --enable-plugin --enable-objc-gc --enable-targets=all --disable-werror --with-arch-32=i486 --with-tune=generic --enable-checking=release --build=i486-linux-gnu --host=i486-linux-gnu --target=i486-linux-gnu
Thread model: posix
gcc version 4.4.3 (Ubuntu 4.4.3-4ubuntu5) 
configure:2496: $? = 0
configure:2485: gcc -V >&5
gcc: '-V' option must have argument
configure:2496: $? = 1
configure:2485: gcc -qversion >&5
gcc: unrecognized option '-qversion'
gcc: no input files
configure:2496: $? = 1
configure:2516: checking whether the C compiler works
configure:2538: gcc    conftest.c  >&5
configure:2542: $? = 0
configure:2591: result: yes
configure:2594: checking for C compiler default output file name
configure:2596: result: a.out
configure:2602: checking for suffix of executables
configure:2609: gcc -o conftest    conftest.c  >&5
configure:2613: $? = 0
configure:2635: result: 
configure:2657: checking whether we are cross compiling
configure:2665: gcc -o conftest    conftest.c  >&5
configure:2669: $? = 0
configure:2676: ./conftest
configure:2680: $? = 0
configure:2695: result: no
configure:2700: checking for suffix of object files
configure:2722: gcc -c   conftest.c >&5
configure:2726: $? = 0
configure:2747: result: o
configure:2751: checking whether we are using the GNU C compiler
configure:2770: gcc -c   conftest.c >&5
configure:2770: $? = 0
configure:2779: result: yes
configure:2788: checking whether gcc accepts -g
configure:2808: gcc -c -g  conftest.c >&5
configure:2808: $? = 0
configure:2849: result: yes
configure:2866: checking for gcc option to accept ISO C89
configure:2930: gcc  -c -g -O2  conftest.c >&5
configure:2930: $? = 0
configure:2943: result: none needed
configure:3006: checking for ranlib
configure:3022: found /usr/bin/ranlib
configure:3033: result: ranlib
configure:3095: checking for a BSD-compatible install
configure:3163: result: /usr/bin/install -c
configure:3174: checking whether build environment is sane
configure:3224: result: yes
configure:3365: checking for a thread-safe mkdir -p
configure:3404: result: /bin/mkdir -p
configure:3417: checking for gawk
configure:3433: found /usr/bin/gawk
configure:3444: result: gawk
configure:3455: checking whether make sets $(MAKE)
configure:3477: result: yes
configure:3507: checking for style of include used by make
configure:3535: result: GNU
configure:3620: checking dependency style of gcc
configure:3730: result: gcc3
configure:3772: checking for __gmpz_init in -lgmp
configure:3797: gcc -o conftest -g -O2   conftest.c -lgmp   >&5
configure:3797: $? = 0
configure:3806: result: yes
configure:3826: checking how to run the C preprocessor
configure:3857: gcc -E  conftest.c
configure:3857: $? = 0
configure:3871: gcc -E  conftest.c
conftest.c:13:28: error: ac_nonexistent.h: No such file or directory
configure:3871: $? = 1
configure: failed program was:
| /* confdefs.h */
| #define PACKAGE_NAME "libfish"
| #define PACKAGE_TARNAME "FiSH irssi module"
| #define PACKAGE_VERSION "1.0"
| #define PACKAGE_STRING "libfish 1.0"
| #define PACKAGE_BUGREPORT "falsovsky@gmail.com"
| #define PACKAGE_URL ""
| #define PACKAGE "FiSH irssi module"
| #define VERSION "1.0"
| #define FiSH_USE_IRSSI_RECODE 1
| #define HAVE_LIBGMP 1
| /* end confdefs.h.  */
| #include <ac_nonexistent.h>
configure:3896: result: gcc -E
configure:3916: gcc -E  conftest.c
configure:3916: $? = 0
configure:3930: gcc -E  conftest.c
conftest.c:13:28: error: ac_nonexistent.h: No such file or directory
configure:3930: $? = 1
configure: failed program was:
| /* confdefs.h */
| #define PACKAGE_NAME "libfish"
| #define PACKAGE_TARNAME "FiSH irssi module"
| #define PACKAGE_VERSION "1.0"
| #define PACKAGE_STRING "libfish 1.0"
| #define PACKAGE_BUGREPORT "falsovsky@gmail.com"
| #define PACKAGE_URL ""
| #define PACKAGE "FiSH irssi module"
| #define VERSION "1.0"
| #define FiSH_USE_IRSSI_RECODE 1
| #define HAVE_LIBGMP 1
| /* end confdefs.h.  */
| #include <ac_nonexistent.h>
configure:3959: checking for grep that handles long lines and -e
configure:4017: result: /bin/grep
configure:4022: checking for egrep
configure:4084: result: /bin/grep -E
configure:4089: checking for ANSI C header files
configure:4109: gcc -c -g -O2  conftest.c >&5
configure:4109: $? = 0
configure:4182: gcc -o conftest -g -O2   conftest.c -lgmp  >&5
configure:4182: $? = 0
configure:4182: ./conftest
configure:4182: $? = 0
configure:4193: result: yes
configure:4206: checking for sys/types.h
configure:4206: gcc -c -g -O2  conftest.c >&5
configure:4206: $? = 0
configure:4206: result: yes
configure:4206: checking for sys/stat.h
configure:4206: gcc -c -g -O2  conftest.c >&5
configure:4206: $? = 0
configure:4206: result: yes
configure:4206: checking for stdlib.h
configure:4206: gcc -c -g -O2  conftest.c >&5
configure:4206: $? = 0
configure:4206: result: yes
configure:4206: checking for string.h
configure:4206: gcc -c -g -O2  conftest.c >&5
configure:4206: $? = 0
configure:4206: result: yes
configure:4206: checking for memory.h
configure:4206: gcc -c -g -O2  conftest.c >&5
configure:4206: $? = 0
configure:4206: result: yes
configure:4206: checking for strings.h
configure:4206: gcc -c -g -O2  conftest.c >&5
configure:4206: $? = 0
configure:4206: result: yes
configure:4206: checking for inttypes.h
configure:4206: gcc -c -g -O2  conftest.c >&5
configure:4206: $? = 0
configure:4206: result: yes
configure:4206: checking for stdint.h
configure:4206: gcc -c -g -O2  conftest.c >&5
configure:4206: $? = 0
configure:4206: result: yes
configure:4206: checking for unistd.h
configure:4206: gcc -c -g -O2  conftest.c >&5
configure:4206: $? = 0
configure:4206: result: yes
configure:4222: checking stddef.h usability
configure:4222: gcc -c -g -O2  conftest.c >&5
configure:4222: $? = 0
configure:4222: result: yes
configure:4222: checking stddef.h presence
configure:4222: gcc -E  conftest.c
configure:4222: $? = 0
configure:4222: result: yes
configure:4222: checking for stddef.h
configure:4222: result: yes
configure:4222: checking for stdlib.h
configure:4222: result: yes
configure:4222: checking for string.h
configure:4222: result: yes
configure:4222: checking for unistd.h
configure:4222: result: yes
configure:4235: checking for size_t
configure:4235: gcc -c -g -O2  conftest.c >&5
configure:4235: $? = 0
configure:4235: gcc -c -g -O2  conftest.c >&5
conftest.c: In function 'main':
conftest.c:63: error: expected expression before ')' token
configure:4235: $? = 1
configure: failed program was:
| /* confdefs.h */
| #define PACKAGE_NAME "libfish"
| #define PACKAGE_TARNAME "FiSH irssi module"
| #define PACKAGE_VERSION "1.0"
| #define PACKAGE_STRING "libfish 1.0"
| #define PACKAGE_BUGREPORT "falsovsky@gmail.com"
| #define PACKAGE_URL ""
| #define PACKAGE "FiSH irssi module"
| #define VERSION "1.0"
| #define FiSH_USE_IRSSI_RECODE 1
| #define HAVE_LIBGMP 1
| #define STDC_HEADERS 1
| #define HAVE_SYS_TYPES_H 1
| #define HAVE_SYS_STAT_H 1
| #define HAVE_STDLIB_H 1
| #define HAVE_STRING_H 1
| #define HAVE_MEMORY_H 1
| #define HAVE_STRINGS_H 1
| #define HAVE_INTTYPES_H 1
| #define HAVE_STDINT_H 1
| #define HAVE_UNISTD_H 1
| #define HAVE_STDDEF_H 1
| #define HAVE_STDLIB_H 1
| #define HAVE_STRING_H 1
| #define HAVE_UNISTD_H 1
| /* end confdefs.h.  */
| #include <stdio.h>
| #ifdef HAVE_SYS_TYPES_H
| # include <sys/types.h>
| #endif
| #ifdef HAVE_SYS_STAT_H
| # include <sys/stat.h>
| #endif
| #ifdef STDC_HEADERS
| # include <stdlib.h>
| # include <stddef.h>
| #else
| # ifdef HAVE_STDLIB_H
| #  include <stdlib.h>
| # endif
| #endif
| #ifdef HAVE_STRING_H
| # if !defined STDC_HEADERS && defined HAVE_MEMORY_H
| #  include <memory.h>
| # endif
| # include <string.h>
| #endif
| #ifdef HAVE_STRINGS_H
| # include <strings.h>
| #endif
| #ifdef HAVE_INTTYPES_H
| # include <inttypes.h>
| #endif
| #ifdef HAVE_STDINT_H
| # include <stdint.h>
| #endif
| #ifdef HAVE_UNISTD_H
| # include <unistd.h>
| #endif
| int
| main ()
| {
| if (sizeof ((size_t)))
| 	    return 0;
|   ;
|   return 0;
| }
configure:4235: result: yes
configure:4250: checking for stdlib.h
configure:4250: result: yes
configure:4260: checking for GNU libc compatible malloc
configure:4284: gcc -o conftest -g -O2   conftest.c -lgmp  >&5
configure:4284: $? = 0
configure:4284: ./conftest
configure:4284: $? = 0
configure:4294: result: yes
configure:4318: checking for getpass
configure:4318: gcc -o conftest -g -O2   conftest.c -lgmp  >&5
configure:4318: $? = 0
configure:4318: result: yes
configure:4318: checking for memmove
configure:4318: gcc -o conftest -g -O2   conftest.c -lgmp  >&5
conftest.c:53: warning: conflicting types for built-in function 'memmove'
configure:4318: $? = 0
configure:4318: result: yes
configure:4318: checking for memset
configure:4318: gcc -o conftest -g -O2   conftest.c -lgmp  >&5
conftest.c:54: warning: conflicting types for built-in function 'memset'
configure:4318: $? = 0
configure:4318: result: yes
configure:4318: checking for strcasecmp
configure:4318: gcc -o conftest -g -O2   conftest.c -lgmp  >&5
conftest.c:55: warning: conflicting types for built-in function 'strcasecmp'
configure:4318: $? = 0
configure:4318: result: yes
configure:4318: checking for strchr
configure:4318: gcc -o conftest -g -O2   conftest.c -lgmp  >&5
conftest.c:56: warning: conflicting types for built-in function 'strchr'
configure:4318: $? = 0
configure:4318: result: yes
configure:4318: checking for strncasecmp
configure:4318: gcc -o conftest -g -O2   conftest.c -lgmp  >&5
conftest.c:57: warning: conflicting types for built-in function 'strncasecmp'
configure:4318: $? = 0
configure:4318: result: yes
configure:4318: checking for strrchr
configure:4318: gcc -o conftest -g -O2   conftest.c -lgmp  >&5
conftest.c:58: warning: conflicting types for built-in function 'strrchr'
configure:4318: $? = 0
configure:4318: result: yes
configure:4318: checking for strspn
configure:4318: gcc -o conftest -g -O2   conftest.c -lgmp  >&5
conftest.c:59: warning: conflicting types for built-in function 'strspn'
configure:4318: $? = 0
configure:4318: result: yes
configure:4318: checking for strstr
configure:4318: gcc -o conftest -g -O2   conftest.c -lgmp  >&5
conftest.c:60: warning: conflicting types for built-in function 'strstr'
configure:4318: $? = 0
configure:4318: result: yes
configure:4454: creating ./config.status

## ---------------------- ##
## Running config.status. ##
## ---------------------- ##

This file was extended by libfish config.status 1.0, which was
generated by GNU Autoconf 2.65.  Invocation command line was

  CONFIG_FILES    = 
  CONFIG_HEADERS  = 
  CONFIG_LINKS    = 
  CONFIG_COMMANDS = 
  $ ./config.status 

on lemonparty

config.status:869: creating Makefile
config.status:869: creating src/Makefile
config.status:869: creating src/config.h
config.status:1089: executing depfiles commands

## ---------------- ##
## Cache variables. ##
## ---------------- ##

ac_cv_c_compiler_gnu=yes
ac_cv_env_CC_set=
ac_cv_env_CC_value=
ac_cv_env_CFLAGS_set=
ac_cv_env_CFLAGS_value=
ac_cv_env_CPPFLAGS_set=
ac_cv_env_CPPFLAGS_value=
ac_cv_env_CPP_set=
ac_cv_env_CPP_value=
ac_cv_env_LDFLAGS_set=
ac_cv_env_LDFLAGS_value=
ac_cv_env_LIBS_set=
ac_cv_env_LIBS_value=
ac_cv_env_build_alias_set=
ac_cv_env_build_alias_value=
ac_cv_env_host_alias_set=
ac_cv_env_host_alias_value=
ac_cv_env_target_alias_set=
ac_cv_env_target_alias_value=
ac_cv_func_getpass=yes
ac_cv_func_malloc_0_nonnull=yes
ac_cv_func_memmove=yes
ac_cv_func_memset=yes
ac_cv_func_strcasecmp=yes
ac_cv_func_strchr=yes
ac_cv_func_strncasecmp=yes
ac_cv_func_strrchr=yes
ac_cv_func_strspn=yes
ac_cv_func_strstr=yes
ac_cv_header_inttypes_h=yes
ac_cv_header_memory_h=yes
ac_cv_header_stdc=yes
ac_cv_header_stddef_h=yes
ac_cv_header_stdint_h=yes
ac_cv_header_stdlib_h=yes
ac_cv_header_string_h=yes
ac_cv_header_strings_h=yes
ac_cv_header_sys_stat_h=yes
ac_cv_header_sys_types_h=yes
ac_cv_header_unistd_h=yes
ac_cv_lib_gmp___gmpz_init=yes
ac_cv_objext=o
ac_cv_path_EGREP='/bin/grep -E'
ac_cv_path_GREP=/bin/grep
ac_cv_path_install='/usr/bin/install -c'
ac_cv_path_mkdir=/bin/mkdir
ac_cv_prog_AWK=gawk
ac_cv_prog_CPP='gcc -E'
ac_cv_prog_ac_ct_CC=gcc
ac_cv_prog_ac_ct_RANLIB=ranlib
ac_cv_prog_cc_c89=
ac_cv_prog_cc_g=yes
ac_cv_prog_make_make_set=yes
ac_cv_type_size_t=yes
am_cv_CC_dependencies_compiler_type=gcc3

## ----------------- ##
## Output variables. ##
## ----------------- ##

ACLOCAL='${SHELL} /home/falso/src/FiSH-irssi/missing --run aclocal-1.11'
AMDEPBACKSLASH='\'
AMDEP_FALSE='#'
AMDEP_TRUE=''
AMTAR='${SHELL} /home/falso/src/FiSH-irssi/missing --run tar'
AUTOCONF='${SHELL} /home/falso/src/FiSH-irssi/missing --run autoconf'
AUTOHEADER='${SHELL} /home/falso/src/FiSH-irssi/missing --run autoheader'
AUTOMAKE='${SHELL} /home/falso/src/FiSH-irssi/missing --run automake-1.11'
AWK='gawk'
CC='gcc'
CCDEPMODE='depmode=gcc3'
CFLAGS='-g -O2'
CPP='gcc -E'
CPPFLAGS=''
CYGPATH_W='echo'
DEFS='-DHAVE_CONFIG_H'
DEPDIR='.deps'
ECHO_C=''
ECHO_N='-n'
ECHO_T=''
EGREP='/bin/grep -E'
EXEEXT=''
GREP='/bin/grep'
INSTALL_DATA='${INSTALL} -m 644'
INSTALL_PROGRAM='${INSTALL}'
INSTALL_SCRIPT='${INSTALL}'
INSTALL_STRIP_PROGRAM='$(install_sh) -c -s'
LDFLAGS=''
LIBOBJS=''
LIBS='-lgmp '
LTLIBOBJS=''
MAKEINFO='${SHELL} /home/falso/src/FiSH-irssi/missing --run makeinfo'
MKDIR_P='/bin/mkdir -p'
OBJEXT='o'
PACKAGE='FiSH irssi module'
PACKAGE_BUGREPORT='falsovsky@gmail.com'
PACKAGE_NAME='libfish'
PACKAGE_STRING='libfish 1.0'
PACKAGE_TARNAME='FiSH irssi module'
PACKAGE_URL=''
PACKAGE_VERSION='1.0'
PATH_SEPARATOR=':'
RANLIB='ranlib'
SET_MAKE=''
SHELL='/bin/bash'
STRIP=''
VERSION='1.0'
ac_ct_CC='gcc'
am__EXEEXT_FALSE=''
am__EXEEXT_TRUE='#'
am__fastdepCC_FALSE='#'
am__fastdepCC_TRUE=''
am__include='include'
am__isrc=''
am__leading_dot='.'
am__quote=''
am__tar='${AMTAR} chof - "$$tardir"'
am__untar='${AMTAR} xf -'
bindir='${exec_prefix}/bin'
build_alias=''
datadir='${datarootdir}'
datarootdir='${prefix}/share'
docdir='${datarootdir}/doc/${PACKAGE_TARNAME}'
dvidir='${docdir}'
exec_prefix='${prefix}'
host_alias=''
htmldir='${docdir}'
includedir='${prefix}/include'
infodir='${datarootdir}/info'
install_sh='${SHELL} /home/falso/src/FiSH-irssi/install-sh'
libdir='${exec_prefix}/lib'
libexecdir='${exec_prefix}/libexec'
localedir='${datarootdir}/locale'
localstatedir='${prefix}/var'
mandir='${datarootdir}/man'
mkdir_p='/bin/mkdir -p'
oldincludedir='/usr/include'
pdfdir='${docdir}'
prefix='/usr/local'
program_transform_name='s,x,x,'
psdir='${docdir}'
sbindir='${exec_prefix}/sbin'
sharedstatedir='${prefix}/com'
sysconfdir='${prefix}/etc'
target_alias=''

## ----------- ##
## confdefs.h. ##
## ----------- ##

/* confdefs.h */
#define PACKAGE_NAME "libfish"
#define PACKAGE_TARNAME "FiSH irssi module"
#define PACKAGE_VERSION "1.0"
#define PACKAGE_STRING "libfish 1.0"
#define PACKAGE_BUGREPORT "falsovsky@gmail.com"
#define PACKAGE_URL ""
#define PACKAGE "FiSH irssi module"
#define VERSION "1.0"
#define FiSH_USE_IRSSI_RECODE 1
#define HAVE_LIBGMP 1
#define STDC_HEADERS 1
#define HAVE_SYS_TYPES_H 1
#define HAVE_SYS_STAT_H 1
#define HAVE_STDLIB_H 1
#define HAVE_STRING_H 1
#define HAVE_MEMORY_H 1
#define HAVE_STRINGS_H 1
#define HAVE_INTTYPES_H 1
#define HAVE_STDINT_H 1
#define HAVE_UNISTD_H 1
#define HAVE_STDDEF_H 1
#define HAVE_STDLIB_H 1
#define HAVE_STRING_H 1
#define HAVE_UNISTD_H 1
#define HAVE_STDLIB_H 1
#define HAVE_MALLOC 1
#define HAVE_GETPASS 1
#define HAVE_MEMMOVE 1
#define HAVE_MEMSET 1
#define HAVE_STRCASECMP 1
#define HAVE_STRCHR 1
#define HAVE_STRNCASECMP 1
#define HAVE_STRRCHR 1
#define HAVE_STRSPN 1
#define HAVE_STRSTR 1

configure: exit 0
